2020-05-14 14:33:32.373 [reactor-http-nio-3] ERROR o.s.b.a.w.r.error.AbstractErrorWebExceptionHandler - [cd983a14] 500 Server Error for HTTP GET "/favicon.ico"
org.springframework.web.server.ResponseStatusException: 404 NOT_FOUND
	at org.springframework.web.reactive.resource.ResourceWebHandler.lambda$handle$0(ResourceWebHandler.java:325)
	at reactor.core.publisher.MonoDefer.subscribe(MonoDefer.java:44)
	at reactor.core.publisher.MonoOnAssembly.subscribe(MonoOnAssembly.java:61)
	at reactor.core.publisher.Mono.subscribe(Mono.java:3710)
	at reactor.core.publisher.FluxSwitchIfEmpty$SwitchIfEmptySubscriber.onComplete(FluxSwitchIfEmpty.java:75)
	at reactor.core.publisher.FluxOnAssembly$OnAssemblySubscriber.onComplete(FluxOnAssembly.java:363)
	at reactor.core.publisher.MonoFlatMap$FlatMapMain.onComplete(MonoFlatMap.java:174)
	at reactor.core.publisher.FluxOnAssembly$OnAssemblySubscriber.onComplete(FluxOnAssembly.java:363)
	at reactor.core.publisher.MonoNext$NextSubscriber.onComplete(MonoNext.java:96)
	at reactor.core.publisher.FluxOnAssembly$OnAssemblySubscriber.onComplete(FluxOnAssembly.java:363)
	at reactor.core.publisher.FluxConcatMap$ConcatMapImmediate.drain(FluxConcatMap.java:360)
	at reactor.core.publisher.FluxConcatMap$ConcatMapImmediate.onSubscribe(FluxConcatMap.java:212)
	at reactor.core.publisher.FluxOnAssembly$OnAssemblySubscriber.onSubscribe(FluxOnAssembly.java:422)
	at reactor.core.publisher.FluxIterable.subscribe(FluxIterable.java:139)
	at reactor.core.publisher.FluxIterable.subscribe(FluxIterable.java:63)
	at reactor.core.publisher.FluxOnAssembly.subscribe(FluxOnAssembly.java:132)
	at reactor.core.publisher.FluxConcatMap.subscribe(FluxConcatMap.java:121)
	at reactor.core.publisher.FluxOnAssembly.subscribe(FluxOnAssembly.java:132)
	at reactor.core.publisher.MonoNext.subscribe(MonoNext.java:40)
	at reactor.core.publisher.MonoOnAssembly.subscribe(MonoOnAssembly.java:61)
	at reactor.core.publisher.MonoFlatMap.subscribe(MonoFlatMap.java:60)
	at reactor.core.publisher.MonoOnAssembly.subscribe(MonoOnAssembly.java:61)
	at reactor.core.publisher.MonoSwitchIfEmpty.subscribe(MonoSwitchIfEmpty.java:44)
	at reactor.core.publisher.MonoOnAssembly.subscribe(MonoOnAssembly.java:61)
	at reactor.core.publisher.MonoFlatMap.subscribe(MonoFlatMap.java:60)
	at reactor.core.publisher.MonoOnAssembly.subscribe(MonoOnAssembly.java:61)
	at reactor.core.publisher.Mono.subscribe(Mono.java:3710)
	at reactor.core.publisher.MonoIgnoreThen$ThenIgnoreMain.drain(MonoIgnoreThen.java:172)
	at reactor.core.publisher.MonoIgnoreThen.subscribe(MonoIgnoreThen.java:56)
	at reactor.core.publisher.MonoOnAssembly.subscribe(MonoOnAssembly.java:61)
	at reactor.core.publisher.MonoFlatMap$FlatMapMain.onNext(MonoFlatMap.java:150)
	at reactor.core.publisher.FluxOnAssembly$OnAssemblySubscriber.onNext(FluxOnAssembly.java:353)
	at reactor.core.publisher.FluxSwitchIfEmpty$SwitchIfEmptySubscriber.onNext(FluxSwitchIfEmpty.java:67)
	at reactor.core.publisher.FluxOnAssembly$OnAssemblySubscriber.onNext(FluxOnAssembly.java:353)
	at reactor.core.publisher.MonoNext$NextSubscriber.onNext(MonoNext.java:76)
	at reactor.core.publisher.FluxOnAssembly$OnAssemblySubscriber.onNext(FluxOnAssembly.java:353)
	at reactor.core.publisher.FluxConcatMap$ConcatMapImmediate.innerNext(FluxConcatMap.java:275)
	at reactor.core.publisher.FluxConcatMap$ConcatMapInner.onNext(FluxConcatMap.java:849)
	at reactor.core.publisher.FluxOnAssembly$OnAssemblySubscriber.onNext(FluxOnAssembly.java:353)
	at reactor.core.publisher.FluxMap$MapSubscriber.onNext(FluxMap.java:114)
	at reactor.core.publisher.FluxOnAssembly$OnAssemblySubscriber.onNext(FluxOnAssembly.java:353)
	at reactor.core.publisher.Operators$ScalarSubscription.request(Operators.java:2070)
	at reactor.core.publisher.FluxOnAssembly$OnAssemblySubscriber.request(FluxOnAssembly.java:438)
	at reactor.core.publisher.FluxMap$MapSubscriber.request(FluxMap.java:155)
	at reactor.core.publisher.FluxOnAssembly$OnAssemblySubscriber.request(FluxOnAssembly.java:438)
	at reactor.core.publisher.Operators$MultiSubscriptionSubscriber.set(Operators.java:1878)
	at reactor.core.publisher.Operators$MultiSubscriptionSubscriber.onSubscribe(Operators.java:1752)
	at reactor.core.publisher.FluxOnAssembly$OnAssemblySubscriber.onSubscribe(FluxOnAssembly.java:422)
	at reactor.core.publisher.FluxMap$MapSubscriber.onSubscribe(FluxMap.java:86)
	at reactor.core.publisher.FluxOnAssembly$OnAssemblySubscriber.onSubscribe(FluxOnAssembly.java:422)
	at reactor.core.publisher.MonoJust.subscribe(MonoJust.java:54)
	at reactor.core.publisher.MonoCallableOnAssembly.subscribe(MonoCallableOnAssembly.java:82)
	at reactor.core.publisher.MonoMap.subscribe(MonoMap.java:55)
	at reactor.core.publisher.MonoOnAssembly.subscribe(MonoOnAssembly.java:61)
	at reactor.core.publisher.Mono.subscribe(Mono.java:3710)
	at reactor.core.publisher.FluxConcatMap$ConcatMapImmediate.drain(FluxConcatMap.java:442)
	at reactor.core.publisher.FluxConcatMap$ConcatMapImmediate.onSubscribe(FluxConcatMap.java:212)
	at reactor.core.publisher.FluxOnAssembly$OnAssemblySubscriber.onSubscribe(FluxOnAssembly.java:422)
	at reactor.core.publisher.FluxIterable.subscribe(FluxIterable.java:139)
	at reactor.core.publisher.FluxIterable.subscribe(FluxIterable.java:63)
	at reactor.core.publisher.FluxOnAssembly.subscribe(FluxOnAssembly.java:132)
	at reactor.core.publisher.FluxConcatMap.subscribe(FluxConcatMap.java:121)
	at reactor.core.publisher.FluxOnAssembly.subscribe(FluxOnAssembly.java:132)
	at reactor.core.publisher.MonoNext.subscribe(MonoNext.java:40)
	at reactor.core.publisher.MonoOnAssembly.subscribe(MonoOnAssembly.java:61)
	at reactor.core.publisher.MonoSwitchIfEmpty.subscribe(MonoSwitchIfEmpty.java:44)
	at reactor.core.publisher.MonoOnAssembly.subscribe(MonoOnAssembly.java:61)
	at reactor.core.publisher.MonoFlatMap.subscribe(MonoFlatMap.java:60)
	at reactor.core.publisher.MonoOnAssembly.subscribe(MonoOnAssembly.java:61)
	at reactor.core.publisher.MonoFlatMap.subscribe(MonoFlatMap.java:60)
	at reactor.core.publisher.MonoOnAssembly.subscribe(MonoOnAssembly.java:61)
	at reactor.core.publisher.MonoDefer.subscribe(MonoDefer.java:52)
	at reactor.core.publisher.MonoOnAssembly.subscribe(MonoOnAssembly.java:61)
	at reactor.core.publisher.MonoFlatMap$FlatMapMain.onNext(MonoFlatMap.java:150)
	at reactor.core.publisher.FluxOnAssembly$OnAssemblySubscriber.onNext(FluxOnAssembly.java:353)
	at reactor.core.publisher.Operators$MonoSubscriber.complete(Operators.java:1505)
	at reactor.core.publisher.MonoZip$ZipCoordinator.signal(MonoZip.java:247)
	at reactor.core.publisher.MonoZip$ZipInner.onNext(MonoZip.java:329)
	at reactor.core.publisher.FluxOnAssembly$OnAssemblySubscriber.onNext(FluxOnAssembly.java:353)
	at reactor.core.publisher.Operators$ScalarSubscription.request(Operators.java:2070)
	at reactor.core.publisher.FluxOnAssembly$OnAssemblySubscriber.request(FluxOnAssembly.java:438)
	at reactor.core.publisher.MonoZip$ZipInner.onSubscribe(MonoZip.java:318)
	at reactor.core.publisher.FluxOnAssembly$OnAssemblySubscriber.onSubscribe(FluxOnAssembly.java:422)
	at reactor.core.publisher.MonoJust.subscribe(MonoJust.java:54)
	at reactor.core.publisher.MonoCallableOnAssembly.subscribe(MonoCallableOnAssembly.java:82)
	at reactor.core.publisher.Mono.subscribe(Mono.java:3710)
	at reactor.core.publisher.MonoZip.subscribe(MonoZip.java:128)
	at reactor.core.publisher.MonoOnAssembly.subscribe(MonoOnAssembly.java:61)
	at reactor.core.publisher.MonoFlatMap.subscribe(MonoFlatMap.java:60)
	at reactor.core.publisher.MonoOnAssembly.subscribe(MonoOnAssembly.java:56)
	at reactor.core.publisher.MonoDefer.subscribe(MonoDefer.java:52)
	at reactor.core.publisher.MonoOnAssembly.subscribe(MonoOnAssembly.java:56)
	at reactor.core.publisher.MonoDefer.subscribe(MonoDefer.java:52)
	at reactor.core.publisher.MonoOnAssembly.subscribe(MonoOnAssembly.java:56)
	at reactor.core.publisher.MonoPeekTerminal.subscribe(MonoPeekTerminal.java:61)
	at reactor.core.publisher.MonoOnAssembly.subscribe(MonoOnAssembly.java:61)
	at reactor.core.publisher.MonoPeekFuseable.subscribe(MonoPeekFuseable.java:74)
	at reactor.core.publisher.MonoOnAssembly.subscribe(MonoOnAssembly.java:61)
	at reactor.core.publisher.MonoDefer.subscribe(MonoDefer.java:52)
	at reactor.core.publisher.MonoOnAssembly.subscribe(MonoOnAssembly.java:61)
	at reactor.core.publisher.MonoDefer.subscribe(MonoDefer.java:52)
	at reactor.core.publisher.MonoOnAssembly.subscribe(MonoOnAssembly.java:61)
	at reactor.core.publisher.MonoOnErrorResume.subscribe(MonoOnErrorResume.java:44)
	at reactor.core.publisher.MonoOnAssembly.subscribe(MonoOnAssembly.java:61)
	at reactor.core.publisher.MonoOnErrorResume.subscribe(MonoOnErrorResume.java:44)
	at reactor.core.publisher.MonoOnAssembly.subscribe(MonoOnAssembly.java:56)
	at reactor.core.publisher.MonoPeekTerminal.subscribe(MonoPeekTerminal.java:61)
	at reactor.core.publisher.MonoOnAssembly.subscribe(MonoOnAssembly.java:61)
	at reactor.core.publisher.MonoOnErrorResume.subscribe(MonoOnErrorResume.java:44)
	at reactor.core.publisher.MonoOnAssembly.subscribe(MonoOnAssembly.java:61)
	at reactor.core.publisher.Mono.subscribe(Mono.java:3710)
	at reactor.core.publisher.MonoIgnoreThen$ThenIgnoreMain.drain(MonoIgnoreThen.java:172)
	at reactor.core.publisher.MonoIgnoreThen.subscribe(MonoIgnoreThen.java:56)
	at reactor.core.publisher.MonoOnAssembly.subscribe(MonoOnAssembly.java:56)
	at reactor.core.publisher.MonoPeekFuseable.subscribe(MonoPeekFuseable.java:70)
	at reactor.core.publisher.MonoOnAssembly.subscribe(MonoOnAssembly.java:56)
	at reactor.core.publisher.MonoPeekTerminal.subscribe(MonoPeekTerminal.java:61)
	at reactor.core.publisher.MonoOnAssembly.subscribe(MonoOnAssembly.java:61)
	at reactor.netty.http.server.HttpServerHandle.onStateChange(HttpServerHandle.java:64)
	at reactor.netty.tcp.TcpServerBind$ChildObserver.onStateChange(TcpServerBind.java:234)
	at reactor.netty.http.server.HttpServerOperations.onInboundNext(HttpServerOperations.java:436)
	at reactor.netty.channel.ChannelOperationsHandler.channelRead(ChannelOperationsHandler.java:141)
	at io.netty.channel.AbstractChannelHandlerContext.invokeChannelRead(AbstractChannelHandlerContext.java:359)
	at io.netty.channel.AbstractChannelHandlerContext.invokeChannelRead(AbstractChannelHandlerContext.java:345)
	at io.netty.channel.AbstractChannelHandlerContext.fireChannelRead(AbstractChannelHandlerContext.java:337)
	at reactor.netty.http.server.HttpTrafficHandler.channelRead(HttpTrafficHandler.java:162)
	at io.netty.channel.AbstractChannelHandlerContext.invokeChannelRead(AbstractChannelHandlerContext.java:359)
	at io.netty.channel.AbstractChannelHandlerContext.invokeChannelRead(AbstractChannelHandlerContext.java:345)
	at io.netty.channel.AbstractChannelHandlerContext.fireChannelRead(AbstractChannelHandlerContext.java:337)
	at io.netty.channel.CombinedChannelDuplexHandler$DelegatingChannelHandlerContext.fireChannelRead(CombinedChannelDuplexHandler.java:438)
	at io.netty.handler.codec.ByteToMessageDecoder.fireChannelRead(ByteToMessageDecoder.java:323)
	at io.netty.handler.codec.ByteToMessageDecoder.channelRead(ByteToMessageDecoder.java:297)
	at io.netty.channel.CombinedChannelDuplexHandler.channelRead(CombinedChannelDuplexHandler.java:253)
	at io.netty.channel.AbstractChannelHandlerContext.invokeChannelRead(AbstractChannelHandlerContext.java:359)
	at io.netty.channel.AbstractChannelHandlerContext.invokeChannelRead(AbstractChannelHandlerContext.java:345)
	at io.netty.channel.AbstractChannelHandlerContext.fireChannelRead(AbstractChannelHandlerContext.java:337)
	at io.netty.channel.DefaultChannelPipeline$HeadContext.channelRead(DefaultChannelPipeline.java:1408)
	at io.netty.channel.AbstractChannelHandlerContext.invokeChannelRead(AbstractChannelHandlerContext.java:359)
	at io.netty.channel.AbstractChannelHandlerContext.invokeChannelRead(AbstractChannelHandlerContext.java:345)
	at io.netty.channel.DefaultChannelPipeline.fireChannelRead(DefaultChannelPipeline.java:930)
	at io.netty.channel.nio.AbstractNioByteChannel$NioByteUnsafe.read(AbstractNioByteChannel.java:163)
	at io.netty.channel.nio.NioEventLoop.processSelectedKey(NioEventLoop.java:677)
	at io.netty.channel.nio.NioEventLoop.processSelectedKeysOptimized(NioEventLoop.java:612)
	at io.netty.channel.nio.NioEventLoop.processSelectedKeys(NioEventLoop.java:529)
	at io.netty.channel.nio.NioEventLoop.run(NioEventLoop.java:491)
	at io.netty.util.concurrent.SingleThreadEventExecutor$5.run(SingleThreadEventExecutor.java:905)
	at java.lang.Thread.run(Thread.java:748)
	Suppressed: reactor.core.publisher.FluxOnAssembly$OnAssemblyException: 
Assembly trace from producer [reactor.core.publisher.MonoError] :
	reactor.core.publisher.Mono.error(Mono.java:261)
	org.springframework.web.reactive.resource.ResourceWebHandler.lambda$handle$0(ResourceWebHandler.java:325)
Error has been observed by the following operator(s):
	|_	Mono.error ⇢ org.springframework.web.reactive.resource.ResourceWebHandler.lambda$handle$0(ResourceWebHandler.java:325)
	|_	Mono.defer ⇢ org.springframework.web.reactive.resource.ResourceWebHandler.handle(ResourceWebHandler.java:323)
	|_	Mono.switchIfEmpty ⇢ org.springframework.web.reactive.resource.ResourceWebHandler.handle(ResourceWebHandler.java:323)
	|_	Mono.flatMap ⇢ org.springframework.web.reactive.resource.ResourceWebHandler.handle(ResourceWebHandler.java:327)
	|_	Mono.then ⇢ org.springframework.web.reactive.result.SimpleHandlerAdapter.handle(SimpleHandlerAdapter.java:46)
	|_	Mono.flatMap ⇢ org.springframework.web.reactive.DispatcherHandler.handle(DispatcherHandler.java:151)
	|_	Mono.flatMap ⇢ org.springframework.web.reactive.DispatcherHandler.handle(DispatcherHandler.java:152)
	|_	Mono.defer ⇢ org.springframework.web.server.handler.DefaultWebFilterChain.filter(DefaultWebFilterChain.java:119)
	|_	Mono.flatMap ⇢ org.springframework.boot.actuate.web.trace.reactive.HttpTraceWebFilter.filter(HttpTraceWebFilter.java:78)
	|_	Mono.defer ⇢ org.springframework.web.server.handler.DefaultWebFilterChain.filter(DefaultWebFilterChain.java:119)
	|_	Mono.defer ⇢ org.springframework.web.server.handler.DefaultWebFilterChain.filter(DefaultWebFilterChain.java:119)
	|_	Mono.doOnSuccess ⇢ org.springframework.boot.actuate.metrics.web.reactive.server.MetricsWebFilter.filter(MetricsWebFilter.java:84)
	|_	Mono.doOnError ⇢ org.springframework.boot.actuate.metrics.web.reactive.server.MetricsWebFilter.filter(MetricsWebFilter.java:84)
	|_	Mono.compose ⇢ org.springframework.boot.actuate.metrics.web.reactive.server.MetricsWebFilter.filter(MetricsWebFilter.java:76)
	|_	Mono.defer ⇢ org.springframework.web.server.handler.DefaultWebFilterChain.filter(DefaultWebFilterChain.java:119)

2020-05-14 14:33:41.485 [reactor-http-nio-3] ERROR o.s.b.a.w.r.error.AbstractErrorWebExceptionHandler - [cd983a14] 500 Server Error for HTTP GET "/favicon.ico"
org.springframework.web.server.ResponseStatusException: 404 NOT_FOUND
	at org.springframework.web.reactive.resource.ResourceWebHandler.lambda$handle$0(ResourceWebHandler.java:325)
	at reactor.core.publisher.MonoDefer.subscribe(MonoDefer.java:44)
	at reactor.core.publisher.MonoOnAssembly.subscribe(MonoOnAssembly.java:61)
	at reactor.core.publisher.Mono.subscribe(Mono.java:3710)
	at reactor.core.publisher.FluxSwitchIfEmpty$SwitchIfEmptySubscriber.onComplete(FluxSwitchIfEmpty.java:75)
	at reactor.core.publisher.FluxOnAssembly$OnAssemblySubscriber.onComplete(FluxOnAssembly.java:363)
	at reactor.core.publisher.MonoFlatMap$FlatMapMain.onComplete(MonoFlatMap.java:174)
	at reactor.core.publisher.FluxOnAssembly$OnAssemblySubscriber.onComplete(FluxOnAssembly.java:363)
	at reactor.core.publisher.MonoNext$NextSubscriber.onComplete(MonoNext.java:96)
	at reactor.core.publisher.FluxOnAssembly$OnAssemblySubscriber.onComplete(FluxOnAssembly.java:363)
	at reactor.core.publisher.FluxConcatMap$ConcatMapImmediate.drain(FluxConcatMap.java:360)
	at reactor.core.publisher.FluxConcatMap$ConcatMapImmediate.onSubscribe(FluxConcatMap.java:212)
	at reactor.core.publisher.FluxOnAssembly$OnAssemblySubscriber.onSubscribe(FluxOnAssembly.java:422)
	at reactor.core.publisher.FluxIterable.subscribe(FluxIterable.java:139)
	at reactor.core.publisher.FluxIterable.subscribe(FluxIterable.java:63)
	at reactor.core.publisher.FluxOnAssembly.subscribe(FluxOnAssembly.java:132)
	at reactor.core.publisher.FluxConcatMap.subscribe(FluxConcatMap.java:121)
	at reactor.core.publisher.FluxOnAssembly.subscribe(FluxOnAssembly.java:132)
	at reactor.core.publisher.MonoNext.subscribe(MonoNext.java:40)
	at reactor.core.publisher.MonoOnAssembly.subscribe(MonoOnAssembly.java:61)
	at reactor.core.publisher.MonoFlatMap.subscribe(MonoFlatMap.java:60)
	at reactor.core.publisher.MonoOnAssembly.subscribe(MonoOnAssembly.java:61)
	at reactor.core.publisher.MonoSwitchIfEmpty.subscribe(MonoSwitchIfEmpty.java:44)
	at reactor.core.publisher.MonoOnAssembly.subscribe(MonoOnAssembly.java:61)
	at reactor.core.publisher.MonoFlatMap.subscribe(MonoFlatMap.java:60)
	at reactor.core.publisher.MonoOnAssembly.subscribe(MonoOnAssembly.java:61)
	at reactor.core.publisher.Mono.subscribe(Mono.java:3710)
	at reactor.core.publisher.MonoIgnoreThen$ThenIgnoreMain.drain(MonoIgnoreThen.java:172)
	at reactor.core.publisher.MonoIgnoreThen.subscribe(MonoIgnoreThen.java:56)
	at reactor.core.publisher.MonoOnAssembly.subscribe(MonoOnAssembly.java:61)
	at reactor.core.publisher.MonoFlatMap$FlatMapMain.onNext(MonoFlatMap.java:150)
	at reactor.core.publisher.FluxOnAssembly$OnAssemblySubscriber.onNext(FluxOnAssembly.java:353)
	at reactor.core.publisher.FluxSwitchIfEmpty$SwitchIfEmptySubscriber.onNext(FluxSwitchIfEmpty.java:67)
	at reactor.core.publisher.FluxOnAssembly$OnAssemblySubscriber.onNext(FluxOnAssembly.java:353)
	at reactor.core.publisher.MonoNext$NextSubscriber.onNext(MonoNext.java:76)
	at reactor.core.publisher.FluxOnAssembly$OnAssemblySubscriber.onNext(FluxOnAssembly.java:353)
	at reactor.core.publisher.FluxConcatMap$ConcatMapImmediate.innerNext(FluxConcatMap.java:275)
	at reactor.core.publisher.FluxConcatMap$ConcatMapInner.onNext(FluxConcatMap.java:849)
	at reactor.core.publisher.FluxOnAssembly$OnAssemblySubscriber.onNext(FluxOnAssembly.java:353)
	at reactor.core.publisher.FluxMap$MapSubscriber.onNext(FluxMap.java:114)
	at reactor.core.publisher.FluxOnAssembly$OnAssemblySubscriber.onNext(FluxOnAssembly.java:353)
	at reactor.core.publisher.Operators$ScalarSubscription.request(Operators.java:2070)
	at reactor.core.publisher.FluxOnAssembly$OnAssemblySubscriber.request(FluxOnAssembly.java:438)
	at reactor.core.publisher.FluxMap$MapSubscriber.request(FluxMap.java:155)
	at reactor.core.publisher.FluxOnAssembly$OnAssemblySubscriber.request(FluxOnAssembly.java:438)
	at reactor.core.publisher.Operators$MultiSubscriptionSubscriber.set(Operators.java:1878)
	at reactor.core.publisher.Operators$MultiSubscriptionSubscriber.onSubscribe(Operators.java:1752)
	at reactor.core.publisher.FluxOnAssembly$OnAssemblySubscriber.onSubscribe(FluxOnAssembly.java:422)
	at reactor.core.publisher.FluxMap$MapSubscriber.onSubscribe(FluxMap.java:86)
	at reactor.core.publisher.FluxOnAssembly$OnAssemblySubscriber.onSubscribe(FluxOnAssembly.java:422)
	at reactor.core.publisher.MonoJust.subscribe(MonoJust.java:54)
	at reactor.core.publisher.MonoCallableOnAssembly.subscribe(MonoCallableOnAssembly.java:82)
	at reactor.core.publisher.MonoMap.subscribe(MonoMap.java:55)
	at reactor.core.publisher.MonoOnAssembly.subscribe(MonoOnAssembly.java:61)
	at reactor.core.publisher.Mono.subscribe(Mono.java:3710)
	at reactor.core.publisher.FluxConcatMap$ConcatMapImmediate.drain(FluxConcatMap.java:442)
	at reactor.core.publisher.FluxConcatMap$ConcatMapImmediate.onSubscribe(FluxConcatMap.java:212)
	at reactor.core.publisher.FluxOnAssembly$OnAssemblySubscriber.onSubscribe(FluxOnAssembly.java:422)
	at reactor.core.publisher.FluxIterable.subscribe(FluxIterable.java:139)
	at reactor.core.publisher.FluxIterable.subscribe(FluxIterable.java:63)
	at reactor.core.publisher.FluxOnAssembly.subscribe(FluxOnAssembly.java:132)
	at reactor.core.publisher.FluxConcatMap.subscribe(FluxConcatMap.java:121)
	at reactor.core.publisher.FluxOnAssembly.subscribe(FluxOnAssembly.java:132)
	at reactor.core.publisher.MonoNext.subscribe(MonoNext.java:40)
	at reactor.core.publisher.MonoOnAssembly.subscribe(MonoOnAssembly.java:61)
	at reactor.core.publisher.MonoSwitchIfEmpty.subscribe(MonoSwitchIfEmpty.java:44)
	at reactor.core.publisher.MonoOnAssembly.subscribe(MonoOnAssembly.java:61)
	at reactor.core.publisher.MonoFlatMap.subscribe(MonoFlatMap.java:60)
	at reactor.core.publisher.MonoOnAssembly.subscribe(MonoOnAssembly.java:61)
	at reactor.core.publisher.MonoFlatMap.subscribe(MonoFlatMap.java:60)
	at reactor.core.publisher.MonoOnAssembly.subscribe(MonoOnAssembly.java:61)
	at reactor.core.publisher.MonoDefer.subscribe(MonoDefer.java:52)
	at reactor.core.publisher.MonoOnAssembly.subscribe(MonoOnAssembly.java:61)
	at reactor.core.publisher.MonoFlatMap$FlatMapMain.onNext(MonoFlatMap.java:150)
	at reactor.core.publisher.FluxOnAssembly$OnAssemblySubscriber.onNext(FluxOnAssembly.java:353)
	at reactor.core.publisher.Operators$MonoSubscriber.complete(Operators.java:1505)
	at reactor.core.publisher.MonoZip$ZipCoordinator.signal(MonoZip.java:247)
	at reactor.core.publisher.MonoZip$ZipInner.onNext(MonoZip.java:329)
	at reactor.core.publisher.FluxOnAssembly$OnAssemblySubscriber.onNext(FluxOnAssembly.java:353)
	at reactor.core.publisher.Operators$ScalarSubscription.request(Operators.java:2070)
	at reactor.core.publisher.FluxOnAssembly$OnAssemblySubscriber.request(FluxOnAssembly.java:438)
	at reactor.core.publisher.MonoZip$ZipInner.onSubscribe(MonoZip.java:318)
	at reactor.core.publisher.FluxOnAssembly$OnAssemblySubscriber.onSubscribe(FluxOnAssembly.java:422)
	at reactor.core.publisher.MonoJust.subscribe(MonoJust.java:54)
	at reactor.core.publisher.MonoCallableOnAssembly.subscribe(MonoCallableOnAssembly.java:82)
	at reactor.core.publisher.Mono.subscribe(Mono.java:3710)
	at reactor.core.publisher.MonoZip.subscribe(MonoZip.java:128)
	at reactor.core.publisher.MonoOnAssembly.subscribe(MonoOnAssembly.java:61)
	at reactor.core.publisher.MonoFlatMap.subscribe(MonoFlatMap.java:60)
	at reactor.core.publisher.MonoOnAssembly.subscribe(MonoOnAssembly.java:56)
	at reactor.core.publisher.MonoDefer.subscribe(MonoDefer.java:52)
	at reactor.core.publisher.MonoOnAssembly.subscribe(MonoOnAssembly.java:56)
	at reactor.core.publisher.MonoDefer.subscribe(MonoDefer.java:52)
	at reactor.core.publisher.MonoOnAssembly.subscribe(MonoOnAssembly.java:56)
	at reactor.core.publisher.MonoPeekTerminal.subscribe(MonoPeekTerminal.java:61)
	at reactor.core.publisher.MonoOnAssembly.subscribe(MonoOnAssembly.java:61)
	at reactor.core.publisher.MonoPeekFuseable.subscribe(MonoPeekFuseable.java:74)
	at reactor.core.publisher.MonoOnAssembly.subscribe(MonoOnAssembly.java:61)
	at reactor.core.publisher.MonoDefer.subscribe(MonoDefer.java:52)
	at reactor.core.publisher.MonoOnAssembly.subscribe(MonoOnAssembly.java:61)
	at reactor.core.publisher.MonoDefer.subscribe(MonoDefer.java:52)
	at reactor.core.publisher.MonoOnAssembly.subscribe(MonoOnAssembly.java:61)
	at reactor.core.publisher.MonoOnErrorResume.subscribe(MonoOnErrorResume.java:44)
	at reactor.core.publisher.MonoOnAssembly.subscribe(MonoOnAssembly.java:61)
	at reactor.core.publisher.MonoOnErrorResume.subscribe(MonoOnErrorResume.java:44)
	at reactor.core.publisher.MonoOnAssembly.subscribe(MonoOnAssembly.java:56)
	at reactor.core.publisher.MonoPeekTerminal.subscribe(MonoPeekTerminal.java:61)
	at reactor.core.publisher.MonoOnAssembly.subscribe(MonoOnAssembly.java:61)
	at reactor.core.publisher.MonoOnErrorResume.subscribe(MonoOnErrorResume.java:44)
	at reactor.core.publisher.MonoOnAssembly.subscribe(MonoOnAssembly.java:61)
	at reactor.core.publisher.Mono.subscribe(Mono.java:3710)
	at reactor.core.publisher.MonoIgnoreThen$ThenIgnoreMain.drain(MonoIgnoreThen.java:172)
	at reactor.core.publisher.MonoIgnoreThen.subscribe(MonoIgnoreThen.java:56)
	at reactor.core.publisher.MonoOnAssembly.subscribe(MonoOnAssembly.java:56)
	at reactor.core.publisher.MonoPeekFuseable.subscribe(MonoPeekFuseable.java:70)
	at reactor.core.publisher.MonoOnAssembly.subscribe(MonoOnAssembly.java:56)
	at reactor.core.publisher.MonoPeekTerminal.subscribe(MonoPeekTerminal.java:61)
	at reactor.core.publisher.MonoOnAssembly.subscribe(MonoOnAssembly.java:61)
	at reactor.netty.http.server.HttpServerHandle.onStateChange(HttpServerHandle.java:64)
	at reactor.netty.tcp.TcpServerBind$ChildObserver.onStateChange(TcpServerBind.java:234)
	at reactor.netty.http.server.HttpServerOperations.onInboundNext(HttpServerOperations.java:436)
	at reactor.netty.channel.ChannelOperationsHandler.channelRead(ChannelOperationsHandler.java:141)
	at io.netty.channel.AbstractChannelHandlerContext.invokeChannelRead(AbstractChannelHandlerContext.java:359)
	at io.netty.channel.AbstractChannelHandlerContext.invokeChannelRead(AbstractChannelHandlerContext.java:345)
	at io.netty.channel.AbstractChannelHandlerContext.fireChannelRead(AbstractChannelHandlerContext.java:337)
	at reactor.netty.http.server.HttpTrafficHandler.channelRead(HttpTrafficHandler.java:162)
	at io.netty.channel.AbstractChannelHandlerContext.invokeChannelRead(AbstractChannelHandlerContext.java:359)
	at io.netty.channel.AbstractChannelHandlerContext.invokeChannelRead(AbstractChannelHandlerContext.java:345)
	at io.netty.channel.AbstractChannelHandlerContext.fireChannelRead(AbstractChannelHandlerContext.java:337)
	at io.netty.channel.CombinedChannelDuplexHandler$DelegatingChannelHandlerContext.fireChannelRead(CombinedChannelDuplexHandler.java:438)
	at io.netty.handler.codec.ByteToMessageDecoder.fireChannelRead(ByteToMessageDecoder.java:323)
	at io.netty.handler.codec.ByteToMessageDecoder.channelRead(ByteToMessageDecoder.java:297)
	at io.netty.channel.CombinedChannelDuplexHandler.channelRead(CombinedChannelDuplexHandler.java:253)
	at io.netty.channel.AbstractChannelHandlerContext.invokeChannelRead(AbstractChannelHandlerContext.java:359)
	at io.netty.channel.AbstractChannelHandlerContext.invokeChannelRead(AbstractChannelHandlerContext.java:345)
	at io.netty.channel.AbstractChannelHandlerContext.fireChannelRead(AbstractChannelHandlerContext.java:337)
	at io.netty.channel.DefaultChannelPipeline$HeadContext.channelRead(DefaultChannelPipeline.java:1408)
	at io.netty.channel.AbstractChannelHandlerContext.invokeChannelRead(AbstractChannelHandlerContext.java:359)
	at io.netty.channel.AbstractChannelHandlerContext.invokeChannelRead(AbstractChannelHandlerContext.java:345)
	at io.netty.channel.DefaultChannelPipeline.fireChannelRead(DefaultChannelPipeline.java:930)
	at io.netty.channel.nio.AbstractNioByteChannel$NioByteUnsafe.read(AbstractNioByteChannel.java:163)
	at io.netty.channel.nio.NioEventLoop.processSelectedKey(NioEventLoop.java:677)
	at io.netty.channel.nio.NioEventLoop.processSelectedKeysOptimized(NioEventLoop.java:612)
	at io.netty.channel.nio.NioEventLoop.processSelectedKeys(NioEventLoop.java:529)
	at io.netty.channel.nio.NioEventLoop.run(NioEventLoop.java:491)
	at io.netty.util.concurrent.SingleThreadEventExecutor$5.run(SingleThreadEventExecutor.java:905)
	at java.lang.Thread.run(Thread.java:748)
	Suppressed: reactor.core.publisher.FluxOnAssembly$OnAssemblyException: 
Assembly trace from producer [reactor.core.publisher.MonoError] :
	reactor.core.publisher.Mono.error(Mono.java:261)
	org.springframework.web.reactive.resource.ResourceWebHandler.lambda$handle$0(ResourceWebHandler.java:325)
Error has been observed by the following operator(s):
	|_	Mono.error ⇢ org.springframework.web.reactive.resource.ResourceWebHandler.lambda$handle$0(ResourceWebHandler.java:325)
	|_	Mono.defer ⇢ org.springframework.web.reactive.resource.ResourceWebHandler.handle(ResourceWebHandler.java:323)
	|_	Mono.switchIfEmpty ⇢ org.springframework.web.reactive.resource.ResourceWebHandler.handle(ResourceWebHandler.java:323)
	|_	Mono.flatMap ⇢ org.springframework.web.reactive.resource.ResourceWebHandler.handle(ResourceWebHandler.java:327)
	|_	Mono.then ⇢ org.springframework.web.reactive.result.SimpleHandlerAdapter.handle(SimpleHandlerAdapter.java:46)
	|_	Mono.flatMap ⇢ org.springframework.web.reactive.DispatcherHandler.handle(DispatcherHandler.java:151)
	|_	Mono.flatMap ⇢ org.springframework.web.reactive.DispatcherHandler.handle(DispatcherHandler.java:152)
	|_	Mono.defer ⇢ org.springframework.web.server.handler.DefaultWebFilterChain.filter(DefaultWebFilterChain.java:119)
	|_	Mono.flatMap ⇢ org.springframework.boot.actuate.web.trace.reactive.HttpTraceWebFilter.filter(HttpTraceWebFilter.java:78)
	|_	Mono.defer ⇢ org.springframework.web.server.handler.DefaultWebFilterChain.filter(DefaultWebFilterChain.java:119)
	|_	Mono.defer ⇢ org.springframework.web.server.handler.DefaultWebFilterChain.filter(DefaultWebFilterChain.java:119)
	|_	Mono.doOnSuccess ⇢ org.springframework.boot.actuate.metrics.web.reactive.server.MetricsWebFilter.filter(MetricsWebFilter.java:84)
	|_	Mono.doOnError ⇢ org.springframework.boot.actuate.metrics.web.reactive.server.MetricsWebFilter.filter(MetricsWebFilter.java:84)
	|_	Mono.compose ⇢ org.springframework.boot.actuate.metrics.web.reactive.server.MetricsWebFilter.filter(MetricsWebFilter.java:76)
	|_	Mono.defer ⇢ org.springframework.web.server.handler.DefaultWebFilterChain.filter(DefaultWebFilterChain.java:119)

2020-05-14 14:35:19.618 [reactor-http-nio-3] ERROR o.s.b.a.w.r.error.AbstractErrorWebExceptionHandler - [cd983a14] 500 Server Error for HTTP GET "/favicon.ico"
org.springframework.web.server.ResponseStatusException: 404 NOT_FOUND
	at org.springframework.web.reactive.resource.ResourceWebHandler.lambda$handle$0(ResourceWebHandler.java:325)
	at reactor.core.publisher.MonoDefer.subscribe(MonoDefer.java:44)
	at reactor.core.publisher.MonoOnAssembly.subscribe(MonoOnAssembly.java:61)
	at reactor.core.publisher.Mono.subscribe(Mono.java:3710)
	at reactor.core.publisher.FluxSwitchIfEmpty$SwitchIfEmptySubscriber.onComplete(FluxSwitchIfEmpty.java:75)
	at reactor.core.publisher.FluxOnAssembly$OnAssemblySubscriber.onComplete(FluxOnAssembly.java:363)
	at reactor.core.publisher.MonoFlatMap$FlatMapMain.onComplete(MonoFlatMap.java:174)
	at reactor.core.publisher.FluxOnAssembly$OnAssemblySubscriber.onComplete(FluxOnAssembly.java:363)
	at reactor.core.publisher.MonoNext$NextSubscriber.onComplete(MonoNext.java:96)
	at reactor.core.publisher.FluxOnAssembly$OnAssemblySubscriber.onComplete(FluxOnAssembly.java:363)
	at reactor.core.publisher.FluxConcatMap$ConcatMapImmediate.drain(FluxConcatMap.java:360)
	at reactor.core.publisher.FluxConcatMap$ConcatMapImmediate.onSubscribe(FluxConcatMap.java:212)
	at reactor.core.publisher.FluxOnAssembly$OnAssemblySubscriber.onSubscribe(FluxOnAssembly.java:422)
	at reactor.core.publisher.FluxIterable.subscribe(FluxIterable.java:139)
	at reactor.core.publisher.FluxIterable.subscribe(FluxIterable.java:63)
	at reactor.core.publisher.FluxOnAssembly.subscribe(FluxOnAssembly.java:132)
	at reactor.core.publisher.FluxConcatMap.subscribe(FluxConcatMap.java:121)
	at reactor.core.publisher.FluxOnAssembly.subscribe(FluxOnAssembly.java:132)
	at reactor.core.publisher.MonoNext.subscribe(MonoNext.java:40)
	at reactor.core.publisher.MonoOnAssembly.subscribe(MonoOnAssembly.java:61)
	at reactor.core.publisher.MonoFlatMap.subscribe(MonoFlatMap.java:60)
	at reactor.core.publisher.MonoOnAssembly.subscribe(MonoOnAssembly.java:61)
	at reactor.core.publisher.MonoSwitchIfEmpty.subscribe(MonoSwitchIfEmpty.java:44)
	at reactor.core.publisher.MonoOnAssembly.subscribe(MonoOnAssembly.java:61)
	at reactor.core.publisher.MonoFlatMap.subscribe(MonoFlatMap.java:60)
	at reactor.core.publisher.MonoOnAssembly.subscribe(MonoOnAssembly.java:61)
	at reactor.core.publisher.Mono.subscribe(Mono.java:3710)
	at reactor.core.publisher.MonoIgnoreThen$ThenIgnoreMain.drain(MonoIgnoreThen.java:172)
	at reactor.core.publisher.MonoIgnoreThen.subscribe(MonoIgnoreThen.java:56)
	at reactor.core.publisher.MonoOnAssembly.subscribe(MonoOnAssembly.java:61)
	at reactor.core.publisher.MonoFlatMap$FlatMapMain.onNext(MonoFlatMap.java:150)
	at reactor.core.publisher.FluxOnAssembly$OnAssemblySubscriber.onNext(FluxOnAssembly.java:353)
	at reactor.core.publisher.FluxSwitchIfEmpty$SwitchIfEmptySubscriber.onNext(FluxSwitchIfEmpty.java:67)
	at reactor.core.publisher.FluxOnAssembly$OnAssemblySubscriber.onNext(FluxOnAssembly.java:353)
	at reactor.core.publisher.MonoNext$NextSubscriber.onNext(MonoNext.java:76)
	at reactor.core.publisher.FluxOnAssembly$OnAssemblySubscriber.onNext(FluxOnAssembly.java:353)
	at reactor.core.publisher.FluxConcatMap$ConcatMapImmediate.innerNext(FluxConcatMap.java:275)
	at reactor.core.publisher.FluxConcatMap$ConcatMapInner.onNext(FluxConcatMap.java:849)
	at reactor.core.publisher.FluxOnAssembly$OnAssemblySubscriber.onNext(FluxOnAssembly.java:353)
	at reactor.core.publisher.FluxMap$MapSubscriber.onNext(FluxMap.java:114)
	at reactor.core.publisher.FluxOnAssembly$OnAssemblySubscriber.onNext(FluxOnAssembly.java:353)
	at reactor.core.publisher.Operators$ScalarSubscription.request(Operators.java:2070)
	at reactor.core.publisher.FluxOnAssembly$OnAssemblySubscriber.request(FluxOnAssembly.java:438)
	at reactor.core.publisher.FluxMap$MapSubscriber.request(FluxMap.java:155)
	at reactor.core.publisher.FluxOnAssembly$OnAssemblySubscriber.request(FluxOnAssembly.java:438)
	at reactor.core.publisher.Operators$MultiSubscriptionSubscriber.set(Operators.java:1878)
	at reactor.core.publisher.Operators$MultiSubscriptionSubscriber.onSubscribe(Operators.java:1752)
	at reactor.core.publisher.FluxOnAssembly$OnAssemblySubscriber.onSubscribe(FluxOnAssembly.java:422)
	at reactor.core.publisher.FluxMap$MapSubscriber.onSubscribe(FluxMap.java:86)
	at reactor.core.publisher.FluxOnAssembly$OnAssemblySubscriber.onSubscribe(FluxOnAssembly.java:422)
	at reactor.core.publisher.MonoJust.subscribe(MonoJust.java:54)
	at reactor.core.publisher.MonoCallableOnAssembly.subscribe(MonoCallableOnAssembly.java:82)
	at reactor.core.publisher.MonoMap.subscribe(MonoMap.java:55)
	at reactor.core.publisher.MonoOnAssembly.subscribe(MonoOnAssembly.java:61)
	at reactor.core.publisher.Mono.subscribe(Mono.java:3710)
	at reactor.core.publisher.FluxConcatMap$ConcatMapImmediate.drain(FluxConcatMap.java:442)
	at reactor.core.publisher.FluxConcatMap$ConcatMapImmediate.onSubscribe(FluxConcatMap.java:212)
	at reactor.core.publisher.FluxOnAssembly$OnAssemblySubscriber.onSubscribe(FluxOnAssembly.java:422)
	at reactor.core.publisher.FluxIterable.subscribe(FluxIterable.java:139)
	at reactor.core.publisher.FluxIterable.subscribe(FluxIterable.java:63)
	at reactor.core.publisher.FluxOnAssembly.subscribe(FluxOnAssembly.java:132)
	at reactor.core.publisher.FluxConcatMap.subscribe(FluxConcatMap.java:121)
	at reactor.core.publisher.FluxOnAssembly.subscribe(FluxOnAssembly.java:132)
	at reactor.core.publisher.MonoNext.subscribe(MonoNext.java:40)
	at reactor.core.publisher.MonoOnAssembly.subscribe(MonoOnAssembly.java:61)
	at reactor.core.publisher.MonoSwitchIfEmpty.subscribe(MonoSwitchIfEmpty.java:44)
	at reactor.core.publisher.MonoOnAssembly.subscribe(MonoOnAssembly.java:61)
	at reactor.core.publisher.MonoFlatMap.subscribe(MonoFlatMap.java:60)
	at reactor.core.publisher.MonoOnAssembly.subscribe(MonoOnAssembly.java:61)
	at reactor.core.publisher.MonoFlatMap.subscribe(MonoFlatMap.java:60)
	at reactor.core.publisher.MonoOnAssembly.subscribe(MonoOnAssembly.java:61)
	at reactor.core.publisher.MonoDefer.subscribe(MonoDefer.java:52)
	at reactor.core.publisher.MonoOnAssembly.subscribe(MonoOnAssembly.java:61)
	at reactor.core.publisher.MonoFlatMap$FlatMapMain.onNext(MonoFlatMap.java:150)
	at reactor.core.publisher.FluxOnAssembly$OnAssemblySubscriber.onNext(FluxOnAssembly.java:353)
	at reactor.core.publisher.Operators$MonoSubscriber.complete(Operators.java:1505)
	at reactor.core.publisher.MonoZip$ZipCoordinator.signal(MonoZip.java:247)
	at reactor.core.publisher.MonoZip$ZipInner.onNext(MonoZip.java:329)
	at reactor.core.publisher.FluxOnAssembly$OnAssemblySubscriber.onNext(FluxOnAssembly.java:353)
	at reactor.core.publisher.Operators$ScalarSubscription.request(Operators.java:2070)
	at reactor.core.publisher.FluxOnAssembly$OnAssemblySubscriber.request(FluxOnAssembly.java:438)
	at reactor.core.publisher.MonoZip$ZipInner.onSubscribe(MonoZip.java:318)
	at reactor.core.publisher.FluxOnAssembly$OnAssemblySubscriber.onSubscribe(FluxOnAssembly.java:422)
	at reactor.core.publisher.MonoJust.subscribe(MonoJust.java:54)
	at reactor.core.publisher.MonoCallableOnAssembly.subscribe(MonoCallableOnAssembly.java:82)
	at reactor.core.publisher.Mono.subscribe(Mono.java:3710)
	at reactor.core.publisher.MonoZip.subscribe(MonoZip.java:128)
	at reactor.core.publisher.MonoOnAssembly.subscribe(MonoOnAssembly.java:61)
	at reactor.core.publisher.MonoFlatMap.subscribe(MonoFlatMap.java:60)
	at reactor.core.publisher.MonoOnAssembly.subscribe(MonoOnAssembly.java:56)
	at reactor.core.publisher.MonoDefer.subscribe(MonoDefer.java:52)
	at reactor.core.publisher.MonoOnAssembly.subscribe(MonoOnAssembly.java:56)
	at reactor.core.publisher.MonoDefer.subscribe(MonoDefer.java:52)
	at reactor.core.publisher.MonoOnAssembly.subscribe(MonoOnAssembly.java:56)
	at reactor.core.publisher.MonoPeekTerminal.subscribe(MonoPeekTerminal.java:61)
	at reactor.core.publisher.MonoOnAssembly.subscribe(MonoOnAssembly.java:61)
	at reactor.core.publisher.MonoPeekFuseable.subscribe(MonoPeekFuseable.java:74)
	at reactor.core.publisher.MonoOnAssembly.subscribe(MonoOnAssembly.java:61)
	at reactor.core.publisher.MonoDefer.subscribe(MonoDefer.java:52)
	at reactor.core.publisher.MonoOnAssembly.subscribe(MonoOnAssembly.java:61)
	at reactor.core.publisher.MonoDefer.subscribe(MonoDefer.java:52)
	at reactor.core.publisher.MonoOnAssembly.subscribe(MonoOnAssembly.java:61)
	at reactor.core.publisher.MonoOnErrorResume.subscribe(MonoOnErrorResume.java:44)
	at reactor.core.publisher.MonoOnAssembly.subscribe(MonoOnAssembly.java:61)
	at reactor.core.publisher.MonoOnErrorResume.subscribe(MonoOnErrorResume.java:44)
	at reactor.core.publisher.MonoOnAssembly.subscribe(MonoOnAssembly.java:56)
	at reactor.core.publisher.MonoPeekTerminal.subscribe(MonoPeekTerminal.java:61)
	at reactor.core.publisher.MonoOnAssembly.subscribe(MonoOnAssembly.java:61)
	at reactor.core.publisher.MonoOnErrorResume.subscribe(MonoOnErrorResume.java:44)
	at reactor.core.publisher.MonoOnAssembly.subscribe(MonoOnAssembly.java:61)
	at reactor.core.publisher.Mono.subscribe(Mono.java:3710)
	at reactor.core.publisher.MonoIgnoreThen$ThenIgnoreMain.drain(MonoIgnoreThen.java:172)
	at reactor.core.publisher.MonoIgnoreThen.subscribe(MonoIgnoreThen.java:56)
	at reactor.core.publisher.MonoOnAssembly.subscribe(MonoOnAssembly.java:56)
	at reactor.core.publisher.MonoPeekFuseable.subscribe(MonoPeekFuseable.java:70)
	at reactor.core.publisher.MonoOnAssembly.subscribe(MonoOnAssembly.java:56)
	at reactor.core.publisher.MonoPeekTerminal.subscribe(MonoPeekTerminal.java:61)
	at reactor.core.publisher.MonoOnAssembly.subscribe(MonoOnAssembly.java:61)
	at reactor.netty.http.server.HttpServerHandle.onStateChange(HttpServerHandle.java:64)
	at reactor.netty.tcp.TcpServerBind$ChildObserver.onStateChange(TcpServerBind.java:234)
	at reactor.netty.http.server.HttpServerOperations.onInboundNext(HttpServerOperations.java:436)
	at reactor.netty.channel.ChannelOperationsHandler.channelRead(ChannelOperationsHandler.java:141)
	at io.netty.channel.AbstractChannelHandlerContext.invokeChannelRead(AbstractChannelHandlerContext.java:359)
	at io.netty.channel.AbstractChannelHandlerContext.invokeChannelRead(AbstractChannelHandlerContext.java:345)
	at io.netty.channel.AbstractChannelHandlerContext.fireChannelRead(AbstractChannelHandlerContext.java:337)
	at reactor.netty.http.server.HttpTrafficHandler.channelRead(HttpTrafficHandler.java:162)
	at io.netty.channel.AbstractChannelHandlerContext.invokeChannelRead(AbstractChannelHandlerContext.java:359)
	at io.netty.channel.AbstractChannelHandlerContext.invokeChannelRead(AbstractChannelHandlerContext.java:345)
	at io.netty.channel.AbstractChannelHandlerContext.fireChannelRead(AbstractChannelHandlerContext.java:337)
	at io.netty.channel.CombinedChannelDuplexHandler$DelegatingChannelHandlerContext.fireChannelRead(CombinedChannelDuplexHandler.java:438)
	at io.netty.handler.codec.ByteToMessageDecoder.fireChannelRead(ByteToMessageDecoder.java:323)
	at io.netty.handler.codec.ByteToMessageDecoder.channelRead(ByteToMessageDecoder.java:297)
	at io.netty.channel.CombinedChannelDuplexHandler.channelRead(CombinedChannelDuplexHandler.java:253)
	at io.netty.channel.AbstractChannelHandlerContext.invokeChannelRead(AbstractChannelHandlerContext.java:359)
	at io.netty.channel.AbstractChannelHandlerContext.invokeChannelRead(AbstractChannelHandlerContext.java:345)
	at io.netty.channel.AbstractChannelHandlerContext.fireChannelRead(AbstractChannelHandlerContext.java:337)
	at io.netty.channel.DefaultChannelPipeline$HeadContext.channelRead(DefaultChannelPipeline.java:1408)
	at io.netty.channel.AbstractChannelHandlerContext.invokeChannelRead(AbstractChannelHandlerContext.java:359)
	at io.netty.channel.AbstractChannelHandlerContext.invokeChannelRead(AbstractChannelHandlerContext.java:345)
	at io.netty.channel.DefaultChannelPipeline.fireChannelRead(DefaultChannelPipeline.java:930)
	at io.netty.channel.nio.AbstractNioByteChannel$NioByteUnsafe.read(AbstractNioByteChannel.java:163)
	at io.netty.channel.nio.NioEventLoop.processSelectedKey(NioEventLoop.java:677)
	at io.netty.channel.nio.NioEventLoop.processSelectedKeysOptimized(NioEventLoop.java:612)
	at io.netty.channel.nio.NioEventLoop.processSelectedKeys(NioEventLoop.java:529)
	at io.netty.channel.nio.NioEventLoop.run(NioEventLoop.java:491)
	at io.netty.util.concurrent.SingleThreadEventExecutor$5.run(SingleThreadEventExecutor.java:905)
	at java.lang.Thread.run(Thread.java:748)
	Suppressed: reactor.core.publisher.FluxOnAssembly$OnAssemblyException: 
Assembly trace from producer [reactor.core.publisher.MonoError] :
	reactor.core.publisher.Mono.error(Mono.java:261)
	org.springframework.web.reactive.resource.ResourceWebHandler.lambda$handle$0(ResourceWebHandler.java:325)
Error has been observed by the following operator(s):
	|_	Mono.error ⇢ org.springframework.web.reactive.resource.ResourceWebHandler.lambda$handle$0(ResourceWebHandler.java:325)
	|_	Mono.defer ⇢ org.springframework.web.reactive.resource.ResourceWebHandler.handle(ResourceWebHandler.java:323)
	|_	Mono.switchIfEmpty ⇢ org.springframework.web.reactive.resource.ResourceWebHandler.handle(ResourceWebHandler.java:323)
	|_	Mono.flatMap ⇢ org.springframework.web.reactive.resource.ResourceWebHandler.handle(ResourceWebHandler.java:327)
	|_	Mono.then ⇢ org.springframework.web.reactive.result.SimpleHandlerAdapter.handle(SimpleHandlerAdapter.java:46)
	|_	Mono.flatMap ⇢ org.springframework.web.reactive.DispatcherHandler.handle(DispatcherHandler.java:151)
	|_	Mono.flatMap ⇢ org.springframework.web.reactive.DispatcherHandler.handle(DispatcherHandler.java:152)
	|_	Mono.defer ⇢ org.springframework.web.server.handler.DefaultWebFilterChain.filter(DefaultWebFilterChain.java:119)
	|_	Mono.flatMap ⇢ org.springframework.boot.actuate.web.trace.reactive.HttpTraceWebFilter.filter(HttpTraceWebFilter.java:78)
	|_	Mono.defer ⇢ org.springframework.web.server.handler.DefaultWebFilterChain.filter(DefaultWebFilterChain.java:119)
	|_	Mono.defer ⇢ org.springframework.web.server.handler.DefaultWebFilterChain.filter(DefaultWebFilterChain.java:119)
	|_	Mono.doOnSuccess ⇢ org.springframework.boot.actuate.metrics.web.reactive.server.MetricsWebFilter.filter(MetricsWebFilter.java:84)
	|_	Mono.doOnError ⇢ org.springframework.boot.actuate.metrics.web.reactive.server.MetricsWebFilter.filter(MetricsWebFilter.java:84)
	|_	Mono.compose ⇢ org.springframework.boot.actuate.metrics.web.reactive.server.MetricsWebFilter.filter(MetricsWebFilter.java:76)
	|_	Mono.defer ⇢ org.springframework.web.server.handler.DefaultWebFilterChain.filter(DefaultWebFilterChain.java:119)

2020-05-14 14:53:44.727 [reactor-http-nio-2] ERROR o.s.b.a.w.r.error.AbstractErrorWebExceptionHandler - [48079591] 500 Server Error for HTTP GET "/favicon.ico"
org.springframework.web.server.ResponseStatusException: 404 NOT_FOUND
	at org.springframework.web.reactive.resource.ResourceWebHandler.lambda$handle$0(ResourceWebHandler.java:325)
	at reactor.core.publisher.MonoDefer.subscribe(MonoDefer.java:44)
	at reactor.core.publisher.MonoOnAssembly.subscribe(MonoOnAssembly.java:61)
	at reactor.core.publisher.Mono.subscribe(Mono.java:3710)
	at reactor.core.publisher.FluxSwitchIfEmpty$SwitchIfEmptySubscriber.onComplete(FluxSwitchIfEmpty.java:75)
	at reactor.core.publisher.FluxOnAssembly$OnAssemblySubscriber.onComplete(FluxOnAssembly.java:363)
	at reactor.core.publisher.MonoFlatMap$FlatMapMain.onComplete(MonoFlatMap.java:174)
	at reactor.core.publisher.FluxOnAssembly$OnAssemblySubscriber.onComplete(FluxOnAssembly.java:363)
	at reactor.core.publisher.MonoNext$NextSubscriber.onComplete(MonoNext.java:96)
	at reactor.core.publisher.FluxOnAssembly$OnAssemblySubscriber.onComplete(FluxOnAssembly.java:363)
	at reactor.core.publisher.FluxConcatMap$ConcatMapImmediate.drain(FluxConcatMap.java:360)
	at reactor.core.publisher.FluxConcatMap$ConcatMapImmediate.onSubscribe(FluxConcatMap.java:212)
	at reactor.core.publisher.FluxOnAssembly$OnAssemblySubscriber.onSubscribe(FluxOnAssembly.java:422)
	at reactor.core.publisher.FluxIterable.subscribe(FluxIterable.java:139)
	at reactor.core.publisher.FluxIterable.subscribe(FluxIterable.java:63)
	at reactor.core.publisher.FluxOnAssembly.subscribe(FluxOnAssembly.java:132)
	at reactor.core.publisher.FluxConcatMap.subscribe(FluxConcatMap.java:121)
	at reactor.core.publisher.FluxOnAssembly.subscribe(FluxOnAssembly.java:132)
	at reactor.core.publisher.MonoNext.subscribe(MonoNext.java:40)
	at reactor.core.publisher.MonoOnAssembly.subscribe(MonoOnAssembly.java:61)
	at reactor.core.publisher.MonoFlatMap.subscribe(MonoFlatMap.java:60)
	at reactor.core.publisher.MonoOnAssembly.subscribe(MonoOnAssembly.java:61)
	at reactor.core.publisher.MonoSwitchIfEmpty.subscribe(MonoSwitchIfEmpty.java:44)
	at reactor.core.publisher.MonoOnAssembly.subscribe(MonoOnAssembly.java:61)
	at reactor.core.publisher.MonoFlatMap.subscribe(MonoFlatMap.java:60)
	at reactor.core.publisher.MonoOnAssembly.subscribe(MonoOnAssembly.java:61)
	at reactor.core.publisher.Mono.subscribe(Mono.java:3710)
	at reactor.core.publisher.MonoIgnoreThen$ThenIgnoreMain.drain(MonoIgnoreThen.java:172)
	at reactor.core.publisher.MonoIgnoreThen.subscribe(MonoIgnoreThen.java:56)
	at reactor.core.publisher.MonoOnAssembly.subscribe(MonoOnAssembly.java:61)
	at reactor.core.publisher.MonoFlatMap$FlatMapMain.onNext(MonoFlatMap.java:150)
	at reactor.core.publisher.FluxOnAssembly$OnAssemblySubscriber.onNext(FluxOnAssembly.java:353)
	at reactor.core.publisher.FluxSwitchIfEmpty$SwitchIfEmptySubscriber.onNext(FluxSwitchIfEmpty.java:67)
	at reactor.core.publisher.FluxOnAssembly$OnAssemblySubscriber.onNext(FluxOnAssembly.java:353)
	at reactor.core.publisher.MonoNext$NextSubscriber.onNext(MonoNext.java:76)
	at reactor.core.publisher.FluxOnAssembly$OnAssemblySubscriber.onNext(FluxOnAssembly.java:353)
	at reactor.core.publisher.FluxConcatMap$ConcatMapImmediate.innerNext(FluxConcatMap.java:275)
	at reactor.core.publisher.FluxConcatMap$ConcatMapInner.onNext(FluxConcatMap.java:849)
	at reactor.core.publisher.FluxOnAssembly$OnAssemblySubscriber.onNext(FluxOnAssembly.java:353)
	at reactor.core.publisher.FluxMap$MapSubscriber.onNext(FluxMap.java:114)
	at reactor.core.publisher.FluxOnAssembly$OnAssemblySubscriber.onNext(FluxOnAssembly.java:353)
	at reactor.core.publisher.Operators$ScalarSubscription.request(Operators.java:2070)
	at reactor.core.publisher.FluxOnAssembly$OnAssemblySubscriber.request(FluxOnAssembly.java:438)
	at reactor.core.publisher.FluxMap$MapSubscriber.request(FluxMap.java:155)
	at reactor.core.publisher.FluxOnAssembly$OnAssemblySubscriber.request(FluxOnAssembly.java:438)
	at reactor.core.publisher.Operators$MultiSubscriptionSubscriber.set(Operators.java:1878)
	at reactor.core.publisher.Operators$MultiSubscriptionSubscriber.onSubscribe(Operators.java:1752)
	at reactor.core.publisher.FluxOnAssembly$OnAssemblySubscriber.onSubscribe(FluxOnAssembly.java:422)
	at reactor.core.publisher.FluxMap$MapSubscriber.onSubscribe(FluxMap.java:86)
	at reactor.core.publisher.FluxOnAssembly$OnAssemblySubscriber.onSubscribe(FluxOnAssembly.java:422)
	at reactor.core.publisher.MonoJust.subscribe(MonoJust.java:54)
	at reactor.core.publisher.MonoCallableOnAssembly.subscribe(MonoCallableOnAssembly.java:82)
	at reactor.core.publisher.MonoMap.subscribe(MonoMap.java:55)
	at reactor.core.publisher.MonoOnAssembly.subscribe(MonoOnAssembly.java:61)
	at reactor.core.publisher.Mono.subscribe(Mono.java:3710)
	at reactor.core.publisher.FluxConcatMap$ConcatMapImmediate.drain(FluxConcatMap.java:442)
	at reactor.core.publisher.FluxConcatMap$ConcatMapImmediate.onSubscribe(FluxConcatMap.java:212)
	at reactor.core.publisher.FluxOnAssembly$OnAssemblySubscriber.onSubscribe(FluxOnAssembly.java:422)
	at reactor.core.publisher.FluxIterable.subscribe(FluxIterable.java:139)
	at reactor.core.publisher.FluxIterable.subscribe(FluxIterable.java:63)
	at reactor.core.publisher.FluxOnAssembly.subscribe(FluxOnAssembly.java:132)
	at reactor.core.publisher.FluxConcatMap.subscribe(FluxConcatMap.java:121)
	at reactor.core.publisher.FluxOnAssembly.subscribe(FluxOnAssembly.java:132)
	at reactor.core.publisher.MonoNext.subscribe(MonoNext.java:40)
	at reactor.core.publisher.MonoOnAssembly.subscribe(MonoOnAssembly.java:61)
	at reactor.core.publisher.MonoSwitchIfEmpty.subscribe(MonoSwitchIfEmpty.java:44)
	at reactor.core.publisher.MonoOnAssembly.subscribe(MonoOnAssembly.java:61)
	at reactor.core.publisher.MonoFlatMap.subscribe(MonoFlatMap.java:60)
	at reactor.core.publisher.MonoOnAssembly.subscribe(MonoOnAssembly.java:61)
	at reactor.core.publisher.MonoFlatMap.subscribe(MonoFlatMap.java:60)
	at reactor.core.publisher.MonoOnAssembly.subscribe(MonoOnAssembly.java:61)
	at reactor.core.publisher.MonoDefer.subscribe(MonoDefer.java:52)
	at reactor.core.publisher.MonoOnAssembly.subscribe(MonoOnAssembly.java:61)
	at reactor.core.publisher.MonoFlatMap$FlatMapMain.onNext(MonoFlatMap.java:150)
	at reactor.core.publisher.FluxOnAssembly$OnAssemblySubscriber.onNext(FluxOnAssembly.java:353)
	at reactor.core.publisher.Operators$MonoSubscriber.complete(Operators.java:1505)
	at reactor.core.publisher.MonoZip$ZipCoordinator.signal(MonoZip.java:247)
	at reactor.core.publisher.MonoZip$ZipInner.onNext(MonoZip.java:329)
	at reactor.core.publisher.FluxOnAssembly$OnAssemblySubscriber.onNext(FluxOnAssembly.java:353)
	at reactor.core.publisher.Operators$ScalarSubscription.request(Operators.java:2070)
	at reactor.core.publisher.FluxOnAssembly$OnAssemblySubscriber.request(FluxOnAssembly.java:438)
	at reactor.core.publisher.MonoZip$ZipInner.onSubscribe(MonoZip.java:318)
	at reactor.core.publisher.FluxOnAssembly$OnAssemblySubscriber.onSubscribe(FluxOnAssembly.java:422)
	at reactor.core.publisher.MonoJust.subscribe(MonoJust.java:54)
	at reactor.core.publisher.MonoCallableOnAssembly.subscribe(MonoCallableOnAssembly.java:82)
	at reactor.core.publisher.Mono.subscribe(Mono.java:3710)
	at reactor.core.publisher.MonoZip.subscribe(MonoZip.java:128)
	at reactor.core.publisher.MonoOnAssembly.subscribe(MonoOnAssembly.java:61)
	at reactor.core.publisher.MonoFlatMap.subscribe(MonoFlatMap.java:60)
	at reactor.core.publisher.MonoOnAssembly.subscribe(MonoOnAssembly.java:56)
	at reactor.core.publisher.MonoDefer.subscribe(MonoDefer.java:52)
	at reactor.core.publisher.MonoOnAssembly.subscribe(MonoOnAssembly.java:56)
	at reactor.core.publisher.MonoDefer.subscribe(MonoDefer.java:52)
	at reactor.core.publisher.MonoOnAssembly.subscribe(MonoOnAssembly.java:56)
	at reactor.core.publisher.MonoPeekTerminal.subscribe(MonoPeekTerminal.java:61)
	at reactor.core.publisher.MonoOnAssembly.subscribe(MonoOnAssembly.java:61)
	at reactor.core.publisher.MonoPeekFuseable.subscribe(MonoPeekFuseable.java:74)
	at reactor.core.publisher.MonoOnAssembly.subscribe(MonoOnAssembly.java:61)
	at reactor.core.publisher.MonoDefer.subscribe(MonoDefer.java:52)
	at reactor.core.publisher.MonoOnAssembly.subscribe(MonoOnAssembly.java:61)
	at reactor.core.publisher.MonoDefer.subscribe(MonoDefer.java:52)
	at reactor.core.publisher.MonoOnAssembly.subscribe(MonoOnAssembly.java:61)
	at reactor.core.publisher.MonoOnErrorResume.subscribe(MonoOnErrorResume.java:44)
	at reactor.core.publisher.MonoOnAssembly.subscribe(MonoOnAssembly.java:61)
	at reactor.core.publisher.MonoOnErrorResume.subscribe(MonoOnErrorResume.java:44)
	at reactor.core.publisher.MonoOnAssembly.subscribe(MonoOnAssembly.java:56)
	at reactor.core.publisher.MonoPeekTerminal.subscribe(MonoPeekTerminal.java:61)
	at reactor.core.publisher.MonoOnAssembly.subscribe(MonoOnAssembly.java:61)
	at reactor.core.publisher.MonoOnErrorResume.subscribe(MonoOnErrorResume.java:44)
	at reactor.core.publisher.MonoOnAssembly.subscribe(MonoOnAssembly.java:61)
	at reactor.core.publisher.Mono.subscribe(Mono.java:3710)
	at reactor.core.publisher.MonoIgnoreThen$ThenIgnoreMain.drain(MonoIgnoreThen.java:172)
	at reactor.core.publisher.MonoIgnoreThen.subscribe(MonoIgnoreThen.java:56)
	at reactor.core.publisher.MonoOnAssembly.subscribe(MonoOnAssembly.java:56)
	at reactor.core.publisher.MonoPeekFuseable.subscribe(MonoPeekFuseable.java:70)
	at reactor.core.publisher.MonoOnAssembly.subscribe(MonoOnAssembly.java:56)
	at reactor.core.publisher.MonoPeekTerminal.subscribe(MonoPeekTerminal.java:61)
	at reactor.core.publisher.MonoOnAssembly.subscribe(MonoOnAssembly.java:61)
	at reactor.netty.http.server.HttpServerHandle.onStateChange(HttpServerHandle.java:64)
	at reactor.netty.tcp.TcpServerBind$ChildObserver.onStateChange(TcpServerBind.java:234)
	at reactor.netty.http.server.HttpServerOperations.onInboundNext(HttpServerOperations.java:436)
	at reactor.netty.channel.ChannelOperationsHandler.channelRead(ChannelOperationsHandler.java:141)
	at io.netty.channel.AbstractChannelHandlerContext.invokeChannelRead(AbstractChannelHandlerContext.java:359)
	at io.netty.channel.AbstractChannelHandlerContext.invokeChannelRead(AbstractChannelHandlerContext.java:345)
	at io.netty.channel.AbstractChannelHandlerContext.fireChannelRead(AbstractChannelHandlerContext.java:337)
	at reactor.netty.http.server.HttpTrafficHandler.channelRead(HttpTrafficHandler.java:162)
	at io.netty.channel.AbstractChannelHandlerContext.invokeChannelRead(AbstractChannelHandlerContext.java:359)
	at io.netty.channel.AbstractChannelHandlerContext.invokeChannelRead(AbstractChannelHandlerContext.java:345)
	at io.netty.channel.AbstractChannelHandlerContext.fireChannelRead(AbstractChannelHandlerContext.java:337)
	at io.netty.channel.CombinedChannelDuplexHandler$DelegatingChannelHandlerContext.fireChannelRead(CombinedChannelDuplexHandler.java:438)
	at io.netty.handler.codec.ByteToMessageDecoder.fireChannelRead(ByteToMessageDecoder.java:323)
	at io.netty.handler.codec.ByteToMessageDecoder.channelRead(ByteToMessageDecoder.java:297)
	at io.netty.channel.CombinedChannelDuplexHandler.channelRead(CombinedChannelDuplexHandler.java:253)
	at io.netty.channel.AbstractChannelHandlerContext.invokeChannelRead(AbstractChannelHandlerContext.java:359)
	at io.netty.channel.AbstractChannelHandlerContext.invokeChannelRead(AbstractChannelHandlerContext.java:345)
	at io.netty.channel.AbstractChannelHandlerContext.fireChannelRead(AbstractChannelHandlerContext.java:337)
	at io.netty.channel.DefaultChannelPipeline$HeadContext.channelRead(DefaultChannelPipeline.java:1408)
	at io.netty.channel.AbstractChannelHandlerContext.invokeChannelRead(AbstractChannelHandlerContext.java:359)
	at io.netty.channel.AbstractChannelHandlerContext.invokeChannelRead(AbstractChannelHandlerContext.java:345)
	at io.netty.channel.DefaultChannelPipeline.fireChannelRead(DefaultChannelPipeline.java:930)
	at io.netty.channel.nio.AbstractNioByteChannel$NioByteUnsafe.read(AbstractNioByteChannel.java:163)
	at io.netty.channel.nio.NioEventLoop.processSelectedKey(NioEventLoop.java:677)
	at io.netty.channel.nio.NioEventLoop.processSelectedKeysOptimized(NioEventLoop.java:612)
	at io.netty.channel.nio.NioEventLoop.processSelectedKeys(NioEventLoop.java:529)
	at io.netty.channel.nio.NioEventLoop.run(NioEventLoop.java:491)
	at io.netty.util.concurrent.SingleThreadEventExecutor$5.run(SingleThreadEventExecutor.java:905)
	at java.lang.Thread.run(Thread.java:748)
	Suppressed: reactor.core.publisher.FluxOnAssembly$OnAssemblyException: 
Assembly trace from producer [reactor.core.publisher.MonoError] :
	reactor.core.publisher.Mono.error(Mono.java:261)
	org.springframework.web.reactive.resource.ResourceWebHandler.lambda$handle$0(ResourceWebHandler.java:325)
Error has been observed by the following operator(s):
	|_	Mono.error ⇢ org.springframework.web.reactive.resource.ResourceWebHandler.lambda$handle$0(ResourceWebHandler.java:325)
	|_	Mono.defer ⇢ org.springframework.web.reactive.resource.ResourceWebHandler.handle(ResourceWebHandler.java:323)
	|_	Mono.switchIfEmpty ⇢ org.springframework.web.reactive.resource.ResourceWebHandler.handle(ResourceWebHandler.java:323)
	|_	Mono.flatMap ⇢ org.springframework.web.reactive.resource.ResourceWebHandler.handle(ResourceWebHandler.java:327)
	|_	Mono.then ⇢ org.springframework.web.reactive.result.SimpleHandlerAdapter.handle(SimpleHandlerAdapter.java:46)
	|_	Mono.flatMap ⇢ org.springframework.web.reactive.DispatcherHandler.handle(DispatcherHandler.java:151)
	|_	Mono.flatMap ⇢ org.springframework.web.reactive.DispatcherHandler.handle(DispatcherHandler.java:152)
	|_	Mono.defer ⇢ org.springframework.web.server.handler.DefaultWebFilterChain.filter(DefaultWebFilterChain.java:119)
	|_	Mono.flatMap ⇢ org.springframework.boot.actuate.web.trace.reactive.HttpTraceWebFilter.filter(HttpTraceWebFilter.java:78)
	|_	Mono.defer ⇢ org.springframework.web.server.handler.DefaultWebFilterChain.filter(DefaultWebFilterChain.java:119)
	|_	Mono.defer ⇢ org.springframework.web.server.handler.DefaultWebFilterChain.filter(DefaultWebFilterChain.java:119)
	|_	Mono.doOnSuccess ⇢ org.springframework.boot.actuate.metrics.web.reactive.server.MetricsWebFilter.filter(MetricsWebFilter.java:84)
	|_	Mono.doOnError ⇢ org.springframework.boot.actuate.metrics.web.reactive.server.MetricsWebFilter.filter(MetricsWebFilter.java:84)
	|_	Mono.compose ⇢ org.springframework.boot.actuate.metrics.web.reactive.server.MetricsWebFilter.filter(MetricsWebFilter.java:76)
	|_	Mono.defer ⇢ org.springframework.web.server.handler.DefaultWebFilterChain.filter(DefaultWebFilterChain.java:119)

2020-05-14 15:07:45.430 [reactor-http-nio-3] ERROR o.s.b.a.w.r.error.AbstractErrorWebExceptionHandler - [0202323f] 500 Server Error for HTTP GET "/favicon.ico"
org.springframework.web.server.ResponseStatusException: 404 NOT_FOUND
	at org.springframework.web.reactive.resource.ResourceWebHandler.lambda$handle$0(ResourceWebHandler.java:325)
	at reactor.core.publisher.MonoDefer.subscribe(MonoDefer.java:44)
	at reactor.core.publisher.MonoOnAssembly.subscribe(MonoOnAssembly.java:61)
	at reactor.core.publisher.Mono.subscribe(Mono.java:3710)
	at reactor.core.publisher.FluxSwitchIfEmpty$SwitchIfEmptySubscriber.onComplete(FluxSwitchIfEmpty.java:75)
	at reactor.core.publisher.FluxOnAssembly$OnAssemblySubscriber.onComplete(FluxOnAssembly.java:363)
	at reactor.core.publisher.MonoFlatMap$FlatMapMain.onComplete(MonoFlatMap.java:174)
	at reactor.core.publisher.FluxOnAssembly$OnAssemblySubscriber.onComplete(FluxOnAssembly.java:363)
	at reactor.core.publisher.MonoNext$NextSubscriber.onComplete(MonoNext.java:96)
	at reactor.core.publisher.FluxOnAssembly$OnAssemblySubscriber.onComplete(FluxOnAssembly.java:363)
	at reactor.core.publisher.FluxConcatMap$ConcatMapImmediate.drain(FluxConcatMap.java:360)
	at reactor.core.publisher.FluxConcatMap$ConcatMapImmediate.onSubscribe(FluxConcatMap.java:212)
	at reactor.core.publisher.FluxOnAssembly$OnAssemblySubscriber.onSubscribe(FluxOnAssembly.java:422)
	at reactor.core.publisher.FluxIterable.subscribe(FluxIterable.java:139)
	at reactor.core.publisher.FluxIterable.subscribe(FluxIterable.java:63)
	at reactor.core.publisher.FluxOnAssembly.subscribe(FluxOnAssembly.java:132)
	at reactor.core.publisher.FluxConcatMap.subscribe(FluxConcatMap.java:121)
	at reactor.core.publisher.FluxOnAssembly.subscribe(FluxOnAssembly.java:132)
	at reactor.core.publisher.MonoNext.subscribe(MonoNext.java:40)
	at reactor.core.publisher.MonoOnAssembly.subscribe(MonoOnAssembly.java:61)
	at reactor.core.publisher.MonoFlatMap.subscribe(MonoFlatMap.java:60)
	at reactor.core.publisher.MonoOnAssembly.subscribe(MonoOnAssembly.java:61)
	at reactor.core.publisher.MonoSwitchIfEmpty.subscribe(MonoSwitchIfEmpty.java:44)
	at reactor.core.publisher.MonoOnAssembly.subscribe(MonoOnAssembly.java:61)
	at reactor.core.publisher.MonoFlatMap.subscribe(MonoFlatMap.java:60)
	at reactor.core.publisher.MonoOnAssembly.subscribe(MonoOnAssembly.java:61)
	at reactor.core.publisher.Mono.subscribe(Mono.java:3710)
	at reactor.core.publisher.MonoIgnoreThen$ThenIgnoreMain.drain(MonoIgnoreThen.java:172)
	at reactor.core.publisher.MonoIgnoreThen.subscribe(MonoIgnoreThen.java:56)
	at reactor.core.publisher.MonoOnAssembly.subscribe(MonoOnAssembly.java:61)
	at reactor.core.publisher.MonoFlatMap$FlatMapMain.onNext(MonoFlatMap.java:150)
	at reactor.core.publisher.FluxOnAssembly$OnAssemblySubscriber.onNext(FluxOnAssembly.java:353)
	at reactor.core.publisher.FluxSwitchIfEmpty$SwitchIfEmptySubscriber.onNext(FluxSwitchIfEmpty.java:67)
	at reactor.core.publisher.FluxOnAssembly$OnAssemblySubscriber.onNext(FluxOnAssembly.java:353)
	at reactor.core.publisher.MonoNext$NextSubscriber.onNext(MonoNext.java:76)
	at reactor.core.publisher.FluxOnAssembly$OnAssemblySubscriber.onNext(FluxOnAssembly.java:353)
	at reactor.core.publisher.FluxConcatMap$ConcatMapImmediate.innerNext(FluxConcatMap.java:275)
	at reactor.core.publisher.FluxConcatMap$ConcatMapInner.onNext(FluxConcatMap.java:849)
	at reactor.core.publisher.FluxOnAssembly$OnAssemblySubscriber.onNext(FluxOnAssembly.java:353)
	at reactor.core.publisher.FluxMap$MapSubscriber.onNext(FluxMap.java:114)
	at reactor.core.publisher.FluxOnAssembly$OnAssemblySubscriber.onNext(FluxOnAssembly.java:353)
	at reactor.core.publisher.Operators$ScalarSubscription.request(Operators.java:2070)
	at reactor.core.publisher.FluxOnAssembly$OnAssemblySubscriber.request(FluxOnAssembly.java:438)
	at reactor.core.publisher.FluxMap$MapSubscriber.request(FluxMap.java:155)
	at reactor.core.publisher.FluxOnAssembly$OnAssemblySubscriber.request(FluxOnAssembly.java:438)
	at reactor.core.publisher.Operators$MultiSubscriptionSubscriber.set(Operators.java:1878)
	at reactor.core.publisher.Operators$MultiSubscriptionSubscriber.onSubscribe(Operators.java:1752)
	at reactor.core.publisher.FluxOnAssembly$OnAssemblySubscriber.onSubscribe(FluxOnAssembly.java:422)
	at reactor.core.publisher.FluxMap$MapSubscriber.onSubscribe(FluxMap.java:86)
	at reactor.core.publisher.FluxOnAssembly$OnAssemblySubscriber.onSubscribe(FluxOnAssembly.java:422)
	at reactor.core.publisher.MonoJust.subscribe(MonoJust.java:54)
	at reactor.core.publisher.MonoCallableOnAssembly.subscribe(MonoCallableOnAssembly.java:82)
	at reactor.core.publisher.MonoMap.subscribe(MonoMap.java:55)
	at reactor.core.publisher.MonoOnAssembly.subscribe(MonoOnAssembly.java:61)
	at reactor.core.publisher.Mono.subscribe(Mono.java:3710)
	at reactor.core.publisher.FluxConcatMap$ConcatMapImmediate.drain(FluxConcatMap.java:442)
	at reactor.core.publisher.FluxConcatMap$ConcatMapImmediate.onSubscribe(FluxConcatMap.java:212)
	at reactor.core.publisher.FluxOnAssembly$OnAssemblySubscriber.onSubscribe(FluxOnAssembly.java:422)
	at reactor.core.publisher.FluxIterable.subscribe(FluxIterable.java:139)
	at reactor.core.publisher.FluxIterable.subscribe(FluxIterable.java:63)
	at reactor.core.publisher.FluxOnAssembly.subscribe(FluxOnAssembly.java:132)
	at reactor.core.publisher.FluxConcatMap.subscribe(FluxConcatMap.java:121)
	at reactor.core.publisher.FluxOnAssembly.subscribe(FluxOnAssembly.java:132)
	at reactor.core.publisher.MonoNext.subscribe(MonoNext.java:40)
	at reactor.core.publisher.MonoOnAssembly.subscribe(MonoOnAssembly.java:61)
	at reactor.core.publisher.MonoSwitchIfEmpty.subscribe(MonoSwitchIfEmpty.java:44)
	at reactor.core.publisher.MonoOnAssembly.subscribe(MonoOnAssembly.java:61)
	at reactor.core.publisher.MonoFlatMap.subscribe(MonoFlatMap.java:60)
	at reactor.core.publisher.MonoOnAssembly.subscribe(MonoOnAssembly.java:61)
	at reactor.core.publisher.MonoFlatMap.subscribe(MonoFlatMap.java:60)
	at reactor.core.publisher.MonoOnAssembly.subscribe(MonoOnAssembly.java:61)
	at reactor.core.publisher.MonoDefer.subscribe(MonoDefer.java:52)
	at reactor.core.publisher.MonoOnAssembly.subscribe(MonoOnAssembly.java:61)
	at reactor.core.publisher.MonoFlatMap$FlatMapMain.onNext(MonoFlatMap.java:150)
	at reactor.core.publisher.FluxOnAssembly$OnAssemblySubscriber.onNext(FluxOnAssembly.java:353)
	at reactor.core.publisher.Operators$MonoSubscriber.complete(Operators.java:1505)
	at reactor.core.publisher.MonoZip$ZipCoordinator.signal(MonoZip.java:247)
	at reactor.core.publisher.MonoZip$ZipInner.onNext(MonoZip.java:329)
	at reactor.core.publisher.FluxOnAssembly$OnAssemblySubscriber.onNext(FluxOnAssembly.java:353)
	at reactor.core.publisher.Operators$ScalarSubscription.request(Operators.java:2070)
	at reactor.core.publisher.FluxOnAssembly$OnAssemblySubscriber.request(FluxOnAssembly.java:438)
	at reactor.core.publisher.MonoZip$ZipInner.onSubscribe(MonoZip.java:318)
	at reactor.core.publisher.FluxOnAssembly$OnAssemblySubscriber.onSubscribe(FluxOnAssembly.java:422)
	at reactor.core.publisher.MonoJust.subscribe(MonoJust.java:54)
	at reactor.core.publisher.MonoCallableOnAssembly.subscribe(MonoCallableOnAssembly.java:82)
	at reactor.core.publisher.Mono.subscribe(Mono.java:3710)
	at reactor.core.publisher.MonoZip.subscribe(MonoZip.java:128)
	at reactor.core.publisher.MonoOnAssembly.subscribe(MonoOnAssembly.java:61)
	at reactor.core.publisher.MonoFlatMap.subscribe(MonoFlatMap.java:60)
	at reactor.core.publisher.MonoOnAssembly.subscribe(MonoOnAssembly.java:56)
	at reactor.core.publisher.MonoDefer.subscribe(MonoDefer.java:52)
	at reactor.core.publisher.MonoOnAssembly.subscribe(MonoOnAssembly.java:56)
	at reactor.core.publisher.MonoDefer.subscribe(MonoDefer.java:52)
	at reactor.core.publisher.MonoOnAssembly.subscribe(MonoOnAssembly.java:56)
	at reactor.core.publisher.MonoPeekTerminal.subscribe(MonoPeekTerminal.java:61)
	at reactor.core.publisher.MonoOnAssembly.subscribe(MonoOnAssembly.java:61)
	at reactor.core.publisher.MonoPeekFuseable.subscribe(MonoPeekFuseable.java:74)
	at reactor.core.publisher.MonoOnAssembly.subscribe(MonoOnAssembly.java:61)
	at reactor.core.publisher.MonoDefer.subscribe(MonoDefer.java:52)
	at reactor.core.publisher.MonoOnAssembly.subscribe(MonoOnAssembly.java:61)
	at reactor.core.publisher.MonoDefer.subscribe(MonoDefer.java:52)
	at reactor.core.publisher.MonoOnAssembly.subscribe(MonoOnAssembly.java:61)
	at reactor.core.publisher.MonoOnErrorResume.subscribe(MonoOnErrorResume.java:44)
	at reactor.core.publisher.MonoOnAssembly.subscribe(MonoOnAssembly.java:61)
	at reactor.core.publisher.MonoOnErrorResume.subscribe(MonoOnErrorResume.java:44)
	at reactor.core.publisher.MonoOnAssembly.subscribe(MonoOnAssembly.java:56)
	at reactor.core.publisher.MonoPeekTerminal.subscribe(MonoPeekTerminal.java:61)
	at reactor.core.publisher.MonoOnAssembly.subscribe(MonoOnAssembly.java:61)
	at reactor.core.publisher.MonoOnErrorResume.subscribe(MonoOnErrorResume.java:44)
	at reactor.core.publisher.MonoOnAssembly.subscribe(MonoOnAssembly.java:61)
	at reactor.core.publisher.Mono.subscribe(Mono.java:3710)
	at reactor.core.publisher.MonoIgnoreThen$ThenIgnoreMain.drain(MonoIgnoreThen.java:172)
	at reactor.core.publisher.MonoIgnoreThen.subscribe(MonoIgnoreThen.java:56)
	at reactor.core.publisher.MonoOnAssembly.subscribe(MonoOnAssembly.java:56)
	at reactor.core.publisher.MonoPeekFuseable.subscribe(MonoPeekFuseable.java:70)
	at reactor.core.publisher.MonoOnAssembly.subscribe(MonoOnAssembly.java:56)
	at reactor.core.publisher.MonoPeekTerminal.subscribe(MonoPeekTerminal.java:61)
	at reactor.core.publisher.MonoOnAssembly.subscribe(MonoOnAssembly.java:61)
	at reactor.netty.http.server.HttpServerHandle.onStateChange(HttpServerHandle.java:64)
	at reactor.netty.tcp.TcpServerBind$ChildObserver.onStateChange(TcpServerBind.java:234)
	at reactor.netty.http.server.HttpServerOperations.onInboundNext(HttpServerOperations.java:436)
	at reactor.netty.channel.ChannelOperationsHandler.channelRead(ChannelOperationsHandler.java:141)
	at io.netty.channel.AbstractChannelHandlerContext.invokeChannelRead(AbstractChannelHandlerContext.java:359)
	at io.netty.channel.AbstractChannelHandlerContext.invokeChannelRead(AbstractChannelHandlerContext.java:345)
	at io.netty.channel.AbstractChannelHandlerContext.fireChannelRead(AbstractChannelHandlerContext.java:337)
	at reactor.netty.http.server.HttpTrafficHandler.channelRead(HttpTrafficHandler.java:162)
	at io.netty.channel.AbstractChannelHandlerContext.invokeChannelRead(AbstractChannelHandlerContext.java:359)
	at io.netty.channel.AbstractChannelHandlerContext.invokeChannelRead(AbstractChannelHandlerContext.java:345)
	at io.netty.channel.AbstractChannelHandlerContext.fireChannelRead(AbstractChannelHandlerContext.java:337)
	at io.netty.channel.CombinedChannelDuplexHandler$DelegatingChannelHandlerContext.fireChannelRead(CombinedChannelDuplexHandler.java:438)
	at io.netty.handler.codec.ByteToMessageDecoder.fireChannelRead(ByteToMessageDecoder.java:323)
	at io.netty.handler.codec.ByteToMessageDecoder.channelRead(ByteToMessageDecoder.java:297)
	at io.netty.channel.CombinedChannelDuplexHandler.channelRead(CombinedChannelDuplexHandler.java:253)
	at io.netty.channel.AbstractChannelHandlerContext.invokeChannelRead(AbstractChannelHandlerContext.java:359)
	at io.netty.channel.AbstractChannelHandlerContext.invokeChannelRead(AbstractChannelHandlerContext.java:345)
	at io.netty.channel.AbstractChannelHandlerContext.fireChannelRead(AbstractChannelHandlerContext.java:337)
	at io.netty.channel.DefaultChannelPipeline$HeadContext.channelRead(DefaultChannelPipeline.java:1408)
	at io.netty.channel.AbstractChannelHandlerContext.invokeChannelRead(AbstractChannelHandlerContext.java:359)
	at io.netty.channel.AbstractChannelHandlerContext.invokeChannelRead(AbstractChannelHandlerContext.java:345)
	at io.netty.channel.DefaultChannelPipeline.fireChannelRead(DefaultChannelPipeline.java:930)
	at io.netty.channel.nio.AbstractNioByteChannel$NioByteUnsafe.read(AbstractNioByteChannel.java:163)
	at io.netty.channel.nio.NioEventLoop.processSelectedKey(NioEventLoop.java:677)
	at io.netty.channel.nio.NioEventLoop.processSelectedKeysOptimized(NioEventLoop.java:612)
	at io.netty.channel.nio.NioEventLoop.processSelectedKeys(NioEventLoop.java:529)
	at io.netty.channel.nio.NioEventLoop.run(NioEventLoop.java:491)
	at io.netty.util.concurrent.SingleThreadEventExecutor$5.run(SingleThreadEventExecutor.java:905)
	at java.lang.Thread.run(Thread.java:748)
	Suppressed: reactor.core.publisher.FluxOnAssembly$OnAssemblyException: 
Assembly trace from producer [reactor.core.publisher.MonoError] :
	reactor.core.publisher.Mono.error(Mono.java:261)
	org.springframework.web.reactive.resource.ResourceWebHandler.lambda$handle$0(ResourceWebHandler.java:325)
Error has been observed by the following operator(s):
	|_	Mono.error ⇢ org.springframework.web.reactive.resource.ResourceWebHandler.lambda$handle$0(ResourceWebHandler.java:325)
	|_	Mono.defer ⇢ org.springframework.web.reactive.resource.ResourceWebHandler.handle(ResourceWebHandler.java:323)
	|_	Mono.switchIfEmpty ⇢ org.springframework.web.reactive.resource.ResourceWebHandler.handle(ResourceWebHandler.java:323)
	|_	Mono.flatMap ⇢ org.springframework.web.reactive.resource.ResourceWebHandler.handle(ResourceWebHandler.java:327)
	|_	Mono.then ⇢ org.springframework.web.reactive.result.SimpleHandlerAdapter.handle(SimpleHandlerAdapter.java:46)
	|_	Mono.flatMap ⇢ org.springframework.web.reactive.DispatcherHandler.handle(DispatcherHandler.java:151)
	|_	Mono.flatMap ⇢ org.springframework.web.reactive.DispatcherHandler.handle(DispatcherHandler.java:152)
	|_	Mono.defer ⇢ org.springframework.web.server.handler.DefaultWebFilterChain.filter(DefaultWebFilterChain.java:119)
	|_	Mono.flatMap ⇢ org.springframework.boot.actuate.web.trace.reactive.HttpTraceWebFilter.filter(HttpTraceWebFilter.java:78)
	|_	Mono.defer ⇢ org.springframework.web.server.handler.DefaultWebFilterChain.filter(DefaultWebFilterChain.java:119)
	|_	Mono.defer ⇢ org.springframework.web.server.handler.DefaultWebFilterChain.filter(DefaultWebFilterChain.java:119)
	|_	Mono.doOnSuccess ⇢ org.springframework.boot.actuate.metrics.web.reactive.server.MetricsWebFilter.filter(MetricsWebFilter.java:84)
	|_	Mono.doOnError ⇢ org.springframework.boot.actuate.metrics.web.reactive.server.MetricsWebFilter.filter(MetricsWebFilter.java:84)
	|_	Mono.compose ⇢ org.springframework.boot.actuate.metrics.web.reactive.server.MetricsWebFilter.filter(MetricsWebFilter.java:76)
	|_	Mono.defer ⇢ org.springframework.web.server.handler.DefaultWebFilterChain.filter(DefaultWebFilterChain.java:119)

